<?xml version="1.0" encoding="UTF-8"?>
<!-- Generated by org.testng.reporters.JUnitReportReporter -->
<testsuite skipped="0" hostname="CDC5-L-7050YS6" name="com.training.TestCases.SubmitOrderTest" tests="1" failures="0" timestamp="22 Mar 2019 04:30:43 GMT" time="6.956" errors="0">
  <testcase name="SubmitOrder" time="6.956" classname="com.training.TestCases.SubmitOrderTest"/>
</testsuite> <!-- com.training.TestCases.SubmitOrderTest -->
