<?xml version="1.0" encoding="UTF-8"?>
<!-- Generated by org.testng.reporters.JUnitReportReporter -->
<testsuite skipped="0" hostname="CDC5-L-7050YS6" name="com.training.TestCases.LoginTest" tests="1" failures="0" timestamp="27 Apr 2019 07:44:39 GMT" time="14.010" errors="0">
  <testcase name="Login" time="14.010" classname="com.training.TestCases.LoginTest"/>
</testsuite> <!-- com.training.TestCases.LoginTest -->
