<?xml version="1.0" encoding="UTF-8"?>
<!-- Generated by org.testng.reporters.JUnitReportReporter -->
<testsuite skipped="1" hostname="CDC5-L-7050YS6" name="com.training.TestCases.BookFlight" tests="1" failures="0" timestamp="19 Apr 2019 04:45:27 GMT" time="0.000" errors="0">
  <testcase name="BookFlight" time="0.000" classname="com.training.TestCases.BookFlight">
    <skipped/>
  </testcase> <!-- BookFlight -->
</testsuite> <!-- com.training.TestCases.BookFlight -->
